# JRE version: Java(TM) SE Runtime Environment (8.0_101-b13) (build 1.8.0_101-b13)
# Java VM: Java HotSpot(TM) 64-Bit Server VM (25.101-b13 mixed mode bsd-amd64 compressed oops)
Heap:
 par new generation   total 78656K, used 53563K [0x000000069f600000, 0x00000006a4b50000, 0x00000006c8f90000)
  eden space 69952K,  64% used [0x000000069f600000, 0x00000006a2251708, 0x00000006a3a50000)
  from space 8704K,  94% used [0x00000006a42d0000, 0x00000006a4acd8b0, 0x00000006a4b50000)
  to   space 8704K,   0% used [0x00000006a3a50000, 0x00000006a3a50000, 0x00000006a42d0000)
 concurrent mark-sweep generation total 1211872K, used 727121K [0x00000006c8f90000, 0x0000000712f08000, 0x00000007c0000000)
 Metaspace       used 53475K, capacity 53948K, committed 54424K, reserved 1095680K
  class space    used 7946K, capacity 8078K, committed 8128K, reserved 1048576K
GC Heap History (10 events):
Event: 29849.584 GC heap before
{Heap before GC invocations=50 (full 4):
 par new generation   total 78656K, used 75694K [0x000000069f600000, 0x00000006a4b50000, 0x00000006c8f90000)
  eden space 69952K,  96% used [0x000000069f600000, 0x00000006a3800e98, 0x00000006a3a50000)
  from space 8704K,  93% used [0x00000006a3a50000, 0x00000006a423aa10, 0x00000006a42d0000)
  to   space 8704K,   0% used [0x00000006a42d0000, 0x00000006a42d0000, 0x00000006a4b50000)
 concurrent mark-sweep generation total 706804K, used 424082K [0x00000006c8f90000, 0x00000006f41cd000, 0x00000007c0000000)
 Metaspace       used 53251K, capacity 53724K, committed 54168K, reserved 1095680K
  class space    used 7922K, capacity 8046K, committed 8128K, reserved 1048576K
Event: 29849.621 GC heap after
Heap after GC invocations=51 (full 4):
 par new generation   total 78656K, used 8182K [0x000000069f600000, 0x00000006a4b50000, 0x00000006c8f90000)
  eden space 69952K,   0% used [0x000000069f600000, 0x000000069f600000, 0x00000006a3a50000)
  from space 8704K,  94% used [0x00000006a42d0000, 0x00000006a4acd8b0, 0x00000006a4b50000)
  to   space 8704K,   0% used [0x00000006a3a50000, 0x00000006a3a50000, 0x00000006a42d0000)
 concurrent mark-sweep generation total 706804K, used 488595K [0x00000006c8f90000, 0x00000006f41cd000, 0x00000007c0000000)
 Metaspace       used 53251K, capacity 53724K, committed 54168K, reserved 1095680K
  class space    used 7922K, capacity 8046K, committed 8128K, reserved 1048576K
}
Event: 29865.994 GC heap before
{Heap before GC invocations=51 (full 5):
 par new generation   total 78656K, used 77083K [0x000000069f600000, 0x00000006a4b50000, 0x00000006c8f90000)
  eden space 69952K,  98% used [0x000000069f600000, 0x00000006a39496b8, 0x00000006a3a50000)
  from space 8704K,  94% used [0x00000006a42d0000, 0x00000006a4acd8b0, 0x00000006a4b50000)
  to   space 8704K,   0% used [0x00000006a3a50000, 0x00000006a3a50000, 0x00000006a42d0000)
 concurrent mark-sweep generation total 811264K, used 486756K [0x00000006c8f90000, 0x00000006fa7d0000, 0x00000007c0000000)
 Metaspace       used 53457K, capacity 53948K, committed 54424K, reserved 1095680K
  class space    used 7946K, capacity 8078K, committed 8128K, reserved 1048576K
Event: 29866.019 GC heap after
Heap after GC invocations=52 (full 5):
 par new generation   total 78656K, used 8703K [0x000000069f600000, 0x00000006a4b50000, 0x00000006c8f90000)
  eden space 69952K,   0% used [0x000000069f600000, 0x000000069f600000, 0x00000006a3a50000)
  from space 8704K,  99% used [0x00000006a3a50000, 0x00000006a42cfff8, 0x00000006a42d0000)
  to   space 8704K,   0% used [0x00000006a42d0000, 0x00000006a42d0000, 0x00000006a4b50000)
 concurrent mark-sweep generation total 811264K, used 536801K [0x00000006c8f90000, 0x00000006fa7d0000, 0x00000007c0000000)
 Metaspace       used 53457K, capacity 53948K, committed 54424K, reserved 1095680K
  class space    used 7946K, capacity 8078K, committed 8128K, reserved 1048576K
}
Event: 29866.113 GC heap before
{Heap before GC invocations=52 (full 5):
 par new generation   total 78656K, used 76096K [0x000000069f600000, 0x00000006a4b50000, 0x00000006c8f90000)
  eden space 69952K,  96% used [0x000000069f600000, 0x00000006a37d00d8, 0x00000006a3a50000)
  from space 8704K,  99% used [0x00000006a3a50000, 0x00000006a42cfff8, 0x00000006a42d0000)
  to   space 8704K,   0% used [0x00000006a42d0000, 0x00000006a42d0000, 0x00000006a4b50000)
 concurrent mark-sweep generation total 811264K, used 536801K [0x00000006c8f90000, 0x00000006fa7d0000, 0x00000007c0000000)
 Metaspace       used 53457K, capacity 53948K, committed 54424K, reserved 1095680K
  class space    used 7946K, capacity 8078K, committed 8128K, reserved 1048576K
Event: 29866.146 GC heap after
Heap after GC invocations=53 (full 5):
 par new generation   total 78656K, used 8318K [0x000000069f600000, 0x00000006a4b50000, 0x00000006c8f90000)
  eden space 69952K,   0% used [0x000000069f600000, 0x000000069f600000, 0x00000006a3a50000)
  from space 8704K,  95% used [0x00000006a42d0000, 0x00000006a4aefba0, 0x00000006a4b50000)
  to   space 8704K,   0% used [0x00000006a3a50000, 0x00000006a3a50000, 0x00000006a42d0000)
 concurrent mark-sweep generation total 811264K, used 601845K [0x00000006c8f90000, 0x00000006fa7d0000, 0x00000007c0000000)
 Metaspace       used 53457K, capacity 53948K, committed 54424K, reserved 1095680K
  class space    used 7946K, capacity 8078K, committed 8128K, reserved 1048576K
}
Event: 29866.237 GC heap before
{Heap before GC invocations=53 (full 6):
 par new generation   total 78656K, used 78258K [0x000000069f600000, 0x00000006a4b50000, 0x00000006c8f90000)
  eden space 69952K,  99% used [0x000000069f600000, 0x00000006a3a4cd38, 0x00000006a3a50000)
  from space 8704K,  95% used [0x00000006a42d0000, 0x00000006a4aefba0, 0x00000006a4b50000)
  to   space 8704K,   0% used [0x00000006a3a50000, 0x00000006a3a50000, 0x00000006a42d0000)
 concurrent mark-sweep generation total 811264K, used 601845K [0x00000006c8f90000, 0x00000006fa7d0000, 0x00000007c0000000)
 Metaspace       used 53459K, capacity 53948K, committed 54424K, reserved 1095680K
  class space    used 7946K, capacity 8078K, committed 8128K, reserved 1048576K
Event: 29866.273 GC heap after
Heap after GC invocations=54 (full 6):
 par new generation   total 78656K, used 8108K [0x000000069f600000, 0x00000006a4b50000, 0x00000006c8f90000)
  eden space 69952K,   0% used [0x000000069f600000, 0x000000069f600000, 0x00000006a3a50000)
  from space 8704K,  93% used [0x00000006a3a50000, 0x00000006a423b0b8, 0x00000006a42d0000)
  to   space 8704K,   0% used [0x00000006a42d0000, 0x00000006a42d0000, 0x00000006a4b50000)
 concurrent mark-sweep generation total 811264K, used 669046K [0x00000006c8f90000, 0x00000006fa7d0000, 0x00000007c0000000)
 Metaspace       used 53459K, capacity 53948K, committed 54424K, reserved 1095680K
  class space    used 7946K, capacity 8078K, committed 8128K, reserved 1048576K
}
Event: 29866.361 GC heap before
{Heap before GC invocations=54 (full 6):
 par new generation   total 78656K, used 76084K [0x000000069f600000, 0x00000006a4b50000, 0x00000006c8f90000)
  eden space 69952K,  97% used [0x000000069f600000, 0x00000006a38621e0, 0x00000006a3a50000)
  from space 8704K,  93% used [0x00000006a3a50000, 0x00000006a423b0b8, 0x00000006a42d0000)
  to   space 8704K,   0% used [0x00000006a42d0000, 0x00000006a42d0000, 0x00000006a4b50000)
 concurrent mark-sweep generation total 811264K, used 669046K [0x00000006c8f90000, 0x00000006fa7d0000, 0x00000007c0000000)
 Metaspace       used 53474K, capacity 53948K, committed 54424K, reserved 1095680K
  class space    used 7946K, capacity 8078K, committed 8128K, reserved 1048576K
Event: 29866.396 GC heap after
Heap after GC invocations=55 (full 6):
 par new generation   total 78656K, used 8182K [0x000000069f600000, 0x00000006a4b50000, 0x00000006c8f90000)
  eden space 69952K,   0% used [0x000000069f600000, 0x000000069f600000, 0x00000006a3a50000)
  from space 8704K,  94% used [0x00000006a42d0000, 0x00000006a4acd8b0, 0x00000006a4b50000)
  to   space 8704K,   0% used [0x00000006a3a50000, 0x00000006a3a50000, 0x00000006a42d0000)
 concurrent mark-sweep generation total 811264K, used 733559K [0x00000006c8f90000, 0x00000006fa7d0000, 0x00000007c0000000)
 Metaspace       used 53474K, capacity 53948K, committed 54424K, reserved 1095680K
  class space    used 7946K, capacity 8078K, committed 8128K, reserved 1048576K
}

